<?xml version="1.0" encoding="UTF-8"?>
<!-- Generated by org.testng.reporters.JUnitXMLReporter -->
<testsuite ignored="17" hostname="Jagan" failures="0" tests="1" name="Default test" time="15.783" errors="0" timestamp="2025-08-10T00:26:51 IST">
  <testcase classname="com.tests.SpinBoxTest" name="TC_ID_106571" time="1.37"/>
  <testcase classname="com.tests.SpinBoxTest" name="TC_ID_106562" time="0.0">
    <ignored/>
  </testcase> <!-- TC_ID_106562 -->
  <testcase classname="com.tests.SpinBoxTest" name="TC_ID_106563" time="0.0">
    <ignored/>
  </testcase> <!-- TC_ID_106563 -->
  <testcase classname="com.tests.SpinBoxTest" name="TC_ID_106564" time="0.0">
    <ignored/>
  </testcase> <!-- TC_ID_106564 -->
  <testcase classname="com.tests.SpinBoxTest" name="TC_ID_106553" time="0.0">
    <ignored/>
  </testcase> <!-- TC_ID_106553 -->
  <testcase classname="com.tests.SpinBoxTest" name="TC_ID_106554" time="0.0">
    <ignored/>
  </testcase> <!-- TC_ID_106554 -->
  <testcase classname="com.tests.SpinBoxTest" name="TC_ID_106565" time="0.0">
    <ignored/>
  </testcase> <!-- TC_ID_106565 -->
  <testcase classname="com.tests.SpinBoxTest" name="TC_ID_106560" time="0.0">
    <ignored/>
  </testcase> <!-- TC_ID_106560 -->
  <testcase classname="com.tests.SpinBoxTest" name="TC_ID_106561" time="0.0">
    <ignored/>
  </testcase> <!-- TC_ID_106561 -->
  <testcase classname="com.tests.SpinBoxTest" name="TC_ID_106559" time="0.0">
    <ignored/>
  </testcase> <!-- TC_ID_106559 -->
  <testcase classname="com.tests.SpinBoxTest" name="TC_ID_106566" time="0.0">
    <ignored/>
  </testcase> <!-- TC_ID_106566 -->
  <testcase classname="com.tests.SpinBoxTest" name="TC_ID_106555" time="0.0">
    <ignored/>
  </testcase> <!-- TC_ID_106555 -->
  <testcase classname="com.tests.SpinBoxTest" name="TC_ID_106567" time="0.0">
    <ignored/>
  </testcase> <!-- TC_ID_106567 -->
  <testcase classname="com.tests.SpinBoxTest" name="TC_ID_106556" time="0.0">
    <ignored/>
  </testcase> <!-- TC_ID_106556 -->
  <testcase classname="com.tests.SpinBoxTest" name="TC_ID_106557" time="0.0">
    <ignored/>
  </testcase> <!-- TC_ID_106557 -->
  <testcase classname="com.tests.SpinBoxTest" name="TC_ID_106568" time="0.0">
    <ignored/>
  </testcase> <!-- TC_ID_106568 -->
  <testcase classname="com.tests.SpinBoxTest" name="TC_ID_106558" time="0.0">
    <ignored/>
  </testcase> <!-- TC_ID_106558 -->
  <testcase classname="com.tests.SpinBoxTest" name="TC_ID_106569" time="0.0">
    <ignored/>
  </testcase> <!-- TC_ID_106569 -->
</testsuite> <!-- Default test -->
