<?xml version="1.0" encoding="UTF-8"?>
<!-- Generated by org.testng.reporters.JUnitXMLReporter -->
<testsuite ignored="1" hostname="Jagan" failures="0" tests="1" name="Default test" time="15.514" errors="0" timestamp="2025-08-09T14:23:49 IST">
  <testcase classname="com.tests.HomePageTest" name="TC_ID_106552" time="0.056"/>
  <testcase classname="com.tests.HomePageTest" name="HomePageTitleTest" time="0.0">
    <ignored/>
  </testcase> <!-- HomePageTitleTest -->
</testsuite> <!-- Default test -->
