<?xml version="1.0" encoding="UTF-8"?>
<!-- Generated by org.testng.reporters.JUnitXMLReporter -->
<testsuite ignored="0" hostname="Jagan" failures="1" tests="17" name="Test" time="103.526" errors="0" timestamp="2025-08-09T14:38:06 IST">
  <testcase classname="com.tests.ActionBarWidgetTest" name="validateBackGroundColor" time="30.49">
    <failure type="com.microsoft.playwright.TimeoutError" message="Error {
  message=&amp;apos;Timeout 30000ms exceeded.
  name=&amp;apos;TimeoutError
  stack=&amp;apos;TimeoutError: Timeout 30000ms exceeded.
    at ProgressController.run (C:\Users\pylaj\AppData\Local\Temp\playwright-java-6750104843688794847\package\lib\server\progress.js:65:26)
    at FrameDispatcher._runCommand (C:\Users\pylaj\AppData\Local\Temp\playwright-java-6750104843688794847\package\lib\server\dispatchers\dispatcher.js:91:31)
    at DispatcherConnection.dispatch (C:\Users\pylaj\AppData\Local\Temp\playwright-java-6750104843688794847\package\lib\server\dispatchers\dispatcher.js:322:39)
}
Call log:
-   - waiting for locator(&amp;quot;div.xrx-action-bar-label-container&amp;quot;)
">
      <![CDATA[com.microsoft.playwright.TimeoutError: Error {
  message='Timeout 30000ms exceeded.
  name='TimeoutError
  stack='TimeoutError: Timeout 30000ms exceeded.
    at ProgressController.run (C:\Users\pylaj\AppData\Local\Temp\playwright-java-6750104843688794847\package\lib\server\progress.js:65:26)
    at FrameDispatcher._runCommand (C:\Users\pylaj\AppData\Local\Temp\playwright-java-6750104843688794847\package\lib\server\dispatchers\dispatcher.js:91:31)
    at DispatcherConnection.dispatch (C:\Users\pylaj\AppData\Local\Temp\playwright-java-6750104843688794847\package\lib\server\dispatchers\dispatcher.js:322:39)
}
Call log:
-   - waiting for locator("div.xrx-action-bar-label-container")

at com.microsoft.playwright.impl.WaitableResult.get(WaitableResult.java:52)
at com.microsoft.playwright.impl.ChannelOwner.runUntil(ChannelOwner.java:138)
at com.microsoft.playwright.impl.Connection.sendMessage(Connection.java:131)
at com.microsoft.playwright.impl.ChannelOwner.sendMessage(ChannelOwner.java:124)
at com.microsoft.playwright.impl.FrameImpl.waitForSelectorImpl(FrameImpl.java:985)
at com.microsoft.playwright.impl.FrameImpl.waitForSelector(FrameImpl.java:975)
at com.microsoft.playwright.impl.LocatorImpl.elementHandle(LocatorImpl.java:211)
at com.microsoft.playwright.impl.LocatorImpl.lambda$withElement$0(LocatorImpl.java:80)
at com.microsoft.playwright.impl.ChannelOwner.withTitle(ChannelOwner.java:98)
at com.microsoft.playwright.impl.LocatorImpl.withElement(LocatorImpl.java:71)
at com.microsoft.playwright.impl.LocatorImpl.evaluate(LocatorImpl.java:226)
at com.microsoft.playwright.Locator.evaluate(Locator.java:2879)
at com.microsoft.playwright.Locator.evaluate(Locator.java:2910)
at com.pages.ActionBarWidget.getColor(ActionBarWidget.java:37)
at com.tests.ActionBarWidgetTest.validateBackGroundColor(ActionBarWidgetTest.java:12)
at java.base/java.util.ArrayList.forEach(ArrayList.java:1596)
Caused by: com.microsoft.playwright.TimeoutError: Error {
  message='Timeout 30000ms exceeded.
  name='TimeoutError
  stack='TimeoutError: Timeout 30000ms exceeded.
    at ProgressController.run (C:\Users\pylaj\AppData\Local\Temp\playwright-java-6750104843688794847\package\lib\server\progress.js:65:26)
    at FrameDispatcher._runCommand (C:\Users\pylaj\AppData\Local\Temp\playwright-java-6750104843688794847\package\lib\server\dispatchers\dispatcher.js:91:31)
    at DispatcherConnection.dispatch (C:\Users\pylaj\AppData\Local\Temp\playwright-java-6750104843688794847\package\lib\server\dispatchers\dispatcher.js:322:39)
}
Call log:
-   - waiting for locator("div.xrx-action-bar-label-container")

at com.microsoft.playwright.impl.Connection.dispatch(Connection.java:257)
at com.microsoft.playwright.impl.Connection.processOneMessage(Connection.java:214)
at com.microsoft.playwright.impl.ChannelOwner.runUntil(ChannelOwner.java:136)
... 39 more
... Removed 25 stack frames]]>
    </failure>
  </testcase> <!-- validateBackGroundColor -->
  <testcase classname="com.tests.ButtonTest" name="TC_ID_106540" time="2.78"/>
  <testcase classname="com.tests.ButtonTest" name="TC_ID_106541" time="1.338"/>
  <testcase classname="com.tests.ButtonTest" name="TC_ID_106542" time="2.625"/>
  <testcase classname="com.tests.ButtonTest" name="TC_ID_106543" time="2.625"/>
  <testcase classname="com.tests.ButtonTest" name="TC_ID_106544" time="2.79"/>
  <testcase classname="com.tests.ButtonTest" name="TC_ID_106545" time="3.022"/>
  <testcase classname="com.tests.ButtonTest" name="TC_ID_106538" time="0.682"/>
  <testcase classname="com.tests.ButtonTest" name="TC_ID_106546" time="1.89"/>
  <testcase classname="com.tests.ButtonTest" name="TC_ID_106547" time="2.164"/>
  <testcase classname="com.tests.ButtonTest" name="TC_ID_106548" time="1.401"/>
  <testcase classname="com.tests.ButtonTest" name="TC_ID_106549" time="1.729"/>
  <testcase classname="com.tests.ButtonTest" name="TC_ID_106550" time="2.363"/>
  <testcase classname="com.tests.ButtonTest" name="TC_ID_106551" time="1.714"/>
  <testcase classname="com.tests.ButtonTest" name="TC_ID_106539" time="0.002"/>
  <testcase classname="com.tests.HomePageTest" name="HomePageTitleTest" time="0.066"/>
  <testcase classname="com.tests.HomePageTest" name="TC_ID_106552" time="0.059"/>
</testsuite> <!-- Test -->
