<?xml version="1.0" encoding="UTF-8"?>
<testng-results ignored="0" total="1" passed="1" failed="0" skipped="0">
  <reporter-output>
  </reporter-output>
  <suite started-at="2025-08-07T00:52:31 IST" name="Suite" finished-at="2025-08-07T00:52:43 IST" duration-ms="12632">
    <groups>
    </groups>
    <test started-at="2025-08-07T00:52:31 IST" name="Test" finished-at="2025-08-07T00:52:43 IST" duration-ms="12632">
      <class name="com.tests.HomePageTest">
        <test-method is-config="true" signature="setUp()[pri:0, instance:com.tests.HomePageTest@40ef3420]" started-at="2025-08-07T00:52:31 IST" name="setUp" finished-at="2025-08-07T00:52:43 IST" duration-ms="12528" status="PASS">
          <reporter-output>
          </reporter-output>
        </test-method> <!-- setUp -->
        <test-method signature="HomePageTitleTest()[pri:0, instance:com.tests.HomePageTest@40ef3420]" started-at="2025-08-07T00:52:43 IST" name="HomePageTitleTest" finished-at="2025-08-07T00:52:43 IST" duration-ms="67" status="PASS">
          <reporter-output>
          </reporter-output>
        </test-method> <!-- HomePageTitleTest -->
      </class> <!-- com.tests.HomePageTest -->
    </test> <!-- Test -->
  </suite> <!-- Suite -->
</testng-results>
