<?xml version="1.0" encoding="UTF-8"?>
<testng-results ignored="0" total="1" passed="1" failed="0" skipped="0">
  <reporter-output>
  </reporter-output>
  <suite started-at="2025-08-07T10:14:07 IST" name="Suite" finished-at="2025-08-07T10:14:24 IST" duration-ms="17345">
    <groups>
    </groups>
    <test started-at="2025-08-07T10:14:07 IST" name="Test" finished-at="2025-08-07T10:14:24 IST" duration-ms="17345">
      <class name="com.tests.HomePageTest">
        <test-method is-config="true" signature="setUp()[pri:0, instance:com.tests.HomePageTest@1ab3a8c8]" started-at="2025-08-07T10:14:07 IST" name="setUp" finished-at="2025-08-07T10:14:24 IST" duration-ms="16994" status="PASS">
          <reporter-output>
          </reporter-output>
        </test-method> <!-- setUp -->
        <test-method signature="HomePageTitleTest()[pri:0, instance:com.tests.HomePageTest@1ab3a8c8]" started-at="2025-08-07T10:14:24 IST" name="HomePageTitleTest" finished-at="2025-08-07T10:14:24 IST" duration-ms="66" status="PASS">
          <reporter-output>
          </reporter-output>
        </test-method> <!-- HomePageTitleTest -->
        <test-method is-config="true" signature="tearDown()[pri:0, instance:com.tests.HomePageTest@1ab3a8c8]" started-at="2025-08-07T10:14:24 IST" name="tearDown" finished-at="2025-08-07T10:14:24 IST" duration-ms="186" status="PASS">
          <reporter-output>
          </reporter-output>
        </test-method> <!-- tearDown -->
      </class> <!-- com.tests.HomePageTest -->
    </test> <!-- Test -->
  </suite> <!-- Suite -->
</testng-results>
