<?xml version="1.0" encoding="UTF-8"?>
<testng-results ignored="0" total="17" passed="16" failed="1" skipped="0">
  <reporter-output>
  </reporter-output>
  <suite started-at="2025-08-09T14:36:22 IST" name="Suite" finished-at="2025-08-09T14:38:06 IST" duration-ms="103526">
    <groups>
    </groups>
    <test started-at="2025-08-09T14:36:22 IST" name="Test" finished-at="2025-08-09T14:38:06 IST" duration-ms="103526">
      <class name="com.tests.ActionBarWidgetTest">
        <test-method is-config="true" signature="setUp()[pri:0, instance:com.tests.ActionBarWidgetTest@38d8f54a]" started-at="2025-08-09T14:36:22 IST" name="setUp" finished-at="2025-08-09T14:36:37 IST" duration-ms="15171" status="PASS">
          <reporter-output>
          </reporter-output>
        </test-method> <!-- setUp -->
        <test-method signature="validateBackGroundColor()[pri:0, instance:com.tests.ActionBarWidgetTest@38d8f54a]" started-at="2025-08-09T14:36:37 IST" name="validateBackGroundColor" finished-at="2025-08-09T14:37:08 IST" duration-ms="30490" status="FAIL">
          <exception class="com.microsoft.playwright.TimeoutError">
            <message>
              <![CDATA[Error {
  message='Timeout 30000ms exceeded.
  name='TimeoutError
  stack='TimeoutError: Timeout 30000ms exceeded.
    at ProgressController.run (C:\Users\pylaj\AppData\Local\Temp\playwright-java-6750104843688794847\package\lib\server\progress.js:65:26)
    at FrameDispatcher._runCommand (C:\Users\pylaj\AppData\Local\Temp\playwright-java-6750104843688794847\package\lib\server\dispatchers\dispatcher.js:91:31)
    at DispatcherConnection.dispatch (C:\Users\pylaj\AppData\Local\Temp\playwright-java-6750104843688794847\package\lib\server\dispatchers\dispatcher.js:322:39)
}
Call log:
-   - waiting for locator("div.xrx-action-bar-label-container")
]]>
            </message>
            <full-stacktrace>
              <![CDATA[com.microsoft.playwright.TimeoutError: Error {
  message='Timeout 30000ms exceeded.
  name='TimeoutError
  stack='TimeoutError: Timeout 30000ms exceeded.
    at ProgressController.run (C:\Users\pylaj\AppData\Local\Temp\playwright-java-6750104843688794847\package\lib\server\progress.js:65:26)
    at FrameDispatcher._runCommand (C:\Users\pylaj\AppData\Local\Temp\playwright-java-6750104843688794847\package\lib\server\dispatchers\dispatcher.js:91:31)
    at DispatcherConnection.dispatch (C:\Users\pylaj\AppData\Local\Temp\playwright-java-6750104843688794847\package\lib\server\dispatchers\dispatcher.js:322:39)
}
Call log:
-   - waiting for locator("div.xrx-action-bar-label-container")

at com.microsoft.playwright.impl.WaitableResult.get(WaitableResult.java:52)
at com.microsoft.playwright.impl.ChannelOwner.runUntil(ChannelOwner.java:138)
at com.microsoft.playwright.impl.Connection.sendMessage(Connection.java:131)
at com.microsoft.playwright.impl.ChannelOwner.sendMessage(ChannelOwner.java:124)
at com.microsoft.playwright.impl.FrameImpl.waitForSelectorImpl(FrameImpl.java:985)
at com.microsoft.playwright.impl.FrameImpl.waitForSelector(FrameImpl.java:975)
at com.microsoft.playwright.impl.LocatorImpl.elementHandle(LocatorImpl.java:211)
at com.microsoft.playwright.impl.LocatorImpl.lambda$withElement$0(LocatorImpl.java:80)
at com.microsoft.playwright.impl.ChannelOwner.withTitle(ChannelOwner.java:98)
at com.microsoft.playwright.impl.LocatorImpl.withElement(LocatorImpl.java:71)
at com.microsoft.playwright.impl.LocatorImpl.evaluate(LocatorImpl.java:226)
at com.microsoft.playwright.Locator.evaluate(Locator.java:2879)
at com.microsoft.playwright.Locator.evaluate(Locator.java:2910)
at com.pages.ActionBarWidget.getColor(ActionBarWidget.java:37)
at com.tests.ActionBarWidgetTest.validateBackGroundColor(ActionBarWidgetTest.java:12)
at java.base/jdk.internal.reflect.DirectMethodHandleAccessor.invoke(DirectMethodHandleAccessor.java:103)
at java.base/java.lang.reflect.Method.invoke(Method.java:580)
at org.testng.internal.invokers.MethodInvocationHelper.invokeMethod(MethodInvocationHelper.java:141)
at org.testng.internal.invokers.TestInvoker.invokeMethod(TestInvoker.java:687)
at org.testng.internal.invokers.TestInvoker.invokeTestMethod(TestInvoker.java:230)
at org.testng.internal.invokers.MethodRunner.runInSequence(MethodRunner.java:63)
at org.testng.internal.invokers.TestInvoker$MethodInvocationAgent.invoke(TestInvoker.java:995)
at org.testng.internal.invokers.TestInvoker.invokeTestMethods(TestInvoker.java:203)
at org.testng.internal.invokers.TestMethodWorker.invokeTestMethods(TestMethodWorker.java:154)
at org.testng.internal.invokers.TestMethodWorker.run(TestMethodWorker.java:134)
at java.base/java.util.ArrayList.forEach(ArrayList.java:1596)
at org.testng.TestRunner.privateRun(TestRunner.java:741)
at org.testng.TestRunner.run(TestRunner.java:616)
at org.testng.SuiteRunner.runTest(SuiteRunner.java:421)
at org.testng.SuiteRunner.runSequentially(SuiteRunner.java:413)
at org.testng.SuiteRunner.privateRun(SuiteRunner.java:373)
at org.testng.SuiteRunner.run(SuiteRunner.java:312)
at org.testng.SuiteRunnerWorker.runSuite(SuiteRunnerWorker.java:52)
at org.testng.SuiteRunnerWorker.run(SuiteRunnerWorker.java:95)
at org.testng.TestNG.runSuitesSequentially(TestNG.java:1274)
at org.testng.TestNG.runSuitesLocally(TestNG.java:1208)
at org.testng.TestNG.runSuites(TestNG.java:1112)
at org.testng.TestNG.run(TestNG.java:1079)
at org.testng.remote.AbstractRemoteTestNG.run(AbstractRemoteTestNG.java:115)
at org.testng.remote.RemoteTestNG.initAndRun(RemoteTestNG.java:293)
at org.testng.remote.RemoteTestNG.main(RemoteTestNG.java:91)
Caused by: com.microsoft.playwright.TimeoutError: Error {
  message='Timeout 30000ms exceeded.
  name='TimeoutError
  stack='TimeoutError: Timeout 30000ms exceeded.
    at ProgressController.run (C:\Users\pylaj\AppData\Local\Temp\playwright-java-6750104843688794847\package\lib\server\progress.js:65:26)
    at FrameDispatcher._runCommand (C:\Users\pylaj\AppData\Local\Temp\playwright-java-6750104843688794847\package\lib\server\dispatchers\dispatcher.js:91:31)
    at DispatcherConnection.dispatch (C:\Users\pylaj\AppData\Local\Temp\playwright-java-6750104843688794847\package\lib\server\dispatchers\dispatcher.js:322:39)
}
Call log:
-   - waiting for locator("div.xrx-action-bar-label-container")

at com.microsoft.playwright.impl.Connection.dispatch(Connection.java:257)
at com.microsoft.playwright.impl.Connection.processOneMessage(Connection.java:214)
at com.microsoft.playwright.impl.ChannelOwner.runUntil(ChannelOwner.java:136)
... 39 more
]]>
            </full-stacktrace>
          </exception> <!-- com.microsoft.playwright.TimeoutError -->
          <reporter-output>
          </reporter-output>
        </test-method> <!-- validateBackGroundColor -->
        <test-method is-config="true" signature="tearDown()[pri:0, instance:com.tests.ActionBarWidgetTest@38d8f54a]" started-at="2025-08-09T14:37:08 IST" name="tearDown" finished-at="2025-08-09T14:37:08 IST" duration-ms="164" status="PASS">
          <reporter-output>
          </reporter-output>
        </test-method> <!-- tearDown -->
      </class> <!-- com.tests.ActionBarWidgetTest -->
      <class name="com.tests.ButtonTest">
        <test-method is-config="true" signature="setUp()[pri:0, instance:com.tests.ButtonTest@4afcd809]" started-at="2025-08-09T14:37:08 IST" name="setUp" finished-at="2025-08-09T14:37:10 IST" duration-ms="1637" status="PASS">
          <reporter-output>
          </reporter-output>
        </test-method> <!-- setUp -->
        <test-method signature="TC_ID_106540()[pri:0, instance:com.tests.ButtonTest@4afcd809]" started-at="2025-08-09T14:37:10 IST" name="TC_ID_106540" description="106540" finished-at="2025-08-09T14:37:12 IST" duration-ms="2780" status="PASS">
          <reporter-output>
          </reporter-output>
        </test-method> <!-- TC_ID_106540 -->
        <test-method is-config="true" signature="tearDown()[pri:0, instance:com.tests.ButtonTest@4afcd809]" started-at="2025-08-09T14:37:12 IST" name="tearDown" finished-at="2025-08-09T14:37:13 IST" duration-ms="185" status="PASS">
          <reporter-output>
          </reporter-output>
        </test-method> <!-- tearDown -->
        <test-method is-config="true" signature="setUp()[pri:0, instance:com.tests.ButtonTest@4afcd809]" started-at="2025-08-09T14:37:13 IST" name="setUp" finished-at="2025-08-09T14:37:14 IST" duration-ms="1575" status="PASS">
          <reporter-output>
          </reporter-output>
        </test-method> <!-- setUp -->
        <test-method signature="TC_ID_106541()[pri:0, instance:com.tests.ButtonTest@4afcd809]" started-at="2025-08-09T14:37:14 IST" name="TC_ID_106541" description="106541" finished-at="2025-08-09T14:37:16 IST" duration-ms="1338" status="PASS">
          <reporter-output>
          </reporter-output>
        </test-method> <!-- TC_ID_106541 -->
        <test-method is-config="true" signature="tearDown()[pri:0, instance:com.tests.ButtonTest@4afcd809]" started-at="2025-08-09T14:37:16 IST" name="tearDown" finished-at="2025-08-09T14:37:16 IST" duration-ms="122" status="PASS">
          <reporter-output>
          </reporter-output>
        </test-method> <!-- tearDown -->
        <test-method is-config="true" signature="setUp()[pri:0, instance:com.tests.ButtonTest@4afcd809]" started-at="2025-08-09T14:37:16 IST" name="setUp" finished-at="2025-08-09T14:37:17 IST" duration-ms="1677" status="PASS">
          <reporter-output>
          </reporter-output>
        </test-method> <!-- setUp -->
        <test-method signature="TC_ID_106542()[pri:0, instance:com.tests.ButtonTest@4afcd809]" started-at="2025-08-09T14:37:17 IST" name="TC_ID_106542" description="106542" finished-at="2025-08-09T14:37:20 IST" duration-ms="2625" status="PASS">
          <reporter-output>
          </reporter-output>
        </test-method> <!-- TC_ID_106542 -->
        <test-method is-config="true" signature="tearDown()[pri:0, instance:com.tests.ButtonTest@4afcd809]" started-at="2025-08-09T14:37:20 IST" name="tearDown" finished-at="2025-08-09T14:37:20 IST" duration-ms="95" status="PASS">
          <reporter-output>
          </reporter-output>
        </test-method> <!-- tearDown -->
        <test-method is-config="true" signature="setUp()[pri:0, instance:com.tests.ButtonTest@4afcd809]" started-at="2025-08-09T14:37:20 IST" name="setUp" finished-at="2025-08-09T14:37:22 IST" duration-ms="1576" status="PASS">
          <reporter-output>
          </reporter-output>
        </test-method> <!-- setUp -->
        <test-method signature="TC_ID_106543()[pri:0, instance:com.tests.ButtonTest@4afcd809]" started-at="2025-08-09T14:37:22 IST" name="TC_ID_106543" description="106543" finished-at="2025-08-09T14:37:24 IST" duration-ms="2625" status="PASS">
          <reporter-output>
          </reporter-output>
        </test-method> <!-- TC_ID_106543 -->
        <test-method is-config="true" signature="tearDown()[pri:0, instance:com.tests.ButtonTest@4afcd809]" started-at="2025-08-09T14:37:24 IST" name="tearDown" finished-at="2025-08-09T14:37:24 IST" duration-ms="183" status="PASS">
          <reporter-output>
          </reporter-output>
        </test-method> <!-- tearDown -->
        <test-method is-config="true" signature="setUp()[pri:0, instance:com.tests.ButtonTest@4afcd809]" started-at="2025-08-09T14:37:24 IST" name="setUp" finished-at="2025-08-09T14:37:26 IST" duration-ms="1768" status="PASS">
          <reporter-output>
          </reporter-output>
        </test-method> <!-- setUp -->
        <test-method signature="TC_ID_106544()[pri:0, instance:com.tests.ButtonTest@4afcd809]" started-at="2025-08-09T14:37:26 IST" name="TC_ID_106544" description="106544" finished-at="2025-08-09T14:37:29 IST" duration-ms="2790" status="PASS">
          <reporter-output>
          </reporter-output>
        </test-method> <!-- TC_ID_106544 -->
        <test-method is-config="true" signature="tearDown()[pri:0, instance:com.tests.ButtonTest@4afcd809]" started-at="2025-08-09T14:37:29 IST" name="tearDown" finished-at="2025-08-09T14:37:29 IST" duration-ms="131" status="PASS">
          <reporter-output>
          </reporter-output>
        </test-method> <!-- tearDown -->
        <test-method is-config="true" signature="setUp()[pri:0, instance:com.tests.ButtonTest@4afcd809]" started-at="2025-08-09T14:37:29 IST" name="setUp" finished-at="2025-08-09T14:37:31 IST" duration-ms="1568" status="PASS">
          <reporter-output>
          </reporter-output>
        </test-method> <!-- setUp -->
        <test-method signature="TC_ID_106545()[pri:0, instance:com.tests.ButtonTest@4afcd809]" started-at="2025-08-09T14:37:31 IST" name="TC_ID_106545" description="106545" finished-at="2025-08-09T14:37:34 IST" duration-ms="3022" status="PASS">
          <reporter-output>
          </reporter-output>
        </test-method> <!-- TC_ID_106545 -->
        <test-method is-config="true" signature="tearDown()[pri:0, instance:com.tests.ButtonTest@4afcd809]" started-at="2025-08-09T14:37:34 IST" name="tearDown" finished-at="2025-08-09T14:37:34 IST" duration-ms="187" status="PASS">
          <reporter-output>
          </reporter-output>
        </test-method> <!-- tearDown -->
        <test-method is-config="true" signature="setUp()[pri:0, instance:com.tests.ButtonTest@4afcd809]" started-at="2025-08-09T14:37:34 IST" name="setUp" finished-at="2025-08-09T14:37:36 IST" duration-ms="1662" status="PASS">
          <reporter-output>
          </reporter-output>
        </test-method> <!-- setUp -->
        <test-method signature="TC_ID_106538()[pri:0, instance:com.tests.ButtonTest@4afcd809]" started-at="2025-08-09T14:37:36 IST" name="TC_ID_106538" description="106538" finished-at="2025-08-09T14:37:36 IST" duration-ms="682" status="PASS">
          <reporter-output>
          </reporter-output>
        </test-method> <!-- TC_ID_106538 -->
        <test-method is-config="true" signature="tearDown()[pri:0, instance:com.tests.ButtonTest@4afcd809]" started-at="2025-08-09T14:37:36 IST" name="tearDown" finished-at="2025-08-09T14:37:37 IST" duration-ms="237" status="PASS">
          <reporter-output>
          </reporter-output>
        </test-method> <!-- tearDown -->
        <test-method is-config="true" signature="setUp()[pri:0, instance:com.tests.ButtonTest@4afcd809]" started-at="2025-08-09T14:37:37 IST" name="setUp" finished-at="2025-08-09T14:37:39 IST" duration-ms="2155" status="PASS">
          <reporter-output>
          </reporter-output>
        </test-method> <!-- setUp -->
        <test-method signature="TC_ID_106546()[pri:0, instance:com.tests.ButtonTest@4afcd809]" started-at="2025-08-09T14:37:39 IST" name="TC_ID_106546" description="106546" finished-at="2025-08-09T14:37:41 IST" duration-ms="1890" status="PASS">
          <reporter-output>
          </reporter-output>
        </test-method> <!-- TC_ID_106546 -->
        <test-method is-config="true" signature="tearDown()[pri:0, instance:com.tests.ButtonTest@4afcd809]" started-at="2025-08-09T14:37:41 IST" name="tearDown" finished-at="2025-08-09T14:37:41 IST" duration-ms="137" status="PASS">
          <reporter-output>
          </reporter-output>
        </test-method> <!-- tearDown -->
        <test-method is-config="true" signature="setUp()[pri:0, instance:com.tests.ButtonTest@4afcd809]" started-at="2025-08-09T14:37:41 IST" name="setUp" finished-at="2025-08-09T14:37:42 IST" duration-ms="1670" status="PASS">
          <reporter-output>
          </reporter-output>
        </test-method> <!-- setUp -->
        <test-method signature="TC_ID_106547()[pri:0, instance:com.tests.ButtonTest@4afcd809]" started-at="2025-08-09T14:37:42 IST" name="TC_ID_106547" description="106547" finished-at="2025-08-09T14:37:45 IST" duration-ms="2164" status="PASS">
          <reporter-output>
          </reporter-output>
        </test-method> <!-- TC_ID_106547 -->
        <test-method is-config="true" signature="tearDown()[pri:0, instance:com.tests.ButtonTest@4afcd809]" started-at="2025-08-09T14:37:45 IST" name="tearDown" finished-at="2025-08-09T14:37:45 IST" duration-ms="120" status="PASS">
          <reporter-output>
          </reporter-output>
        </test-method> <!-- tearDown -->
        <test-method is-config="true" signature="setUp()[pri:0, instance:com.tests.ButtonTest@4afcd809]" started-at="2025-08-09T14:37:45 IST" name="setUp" finished-at="2025-08-09T14:37:46 IST" duration-ms="1738" status="PASS">
          <reporter-output>
          </reporter-output>
        </test-method> <!-- setUp -->
        <test-method signature="TC_ID_106548()[pri:0, instance:com.tests.ButtonTest@4afcd809]" started-at="2025-08-09T14:37:46 IST" name="TC_ID_106548" description="106548" finished-at="2025-08-09T14:37:48 IST" duration-ms="1401" status="PASS">
          <reporter-output>
          </reporter-output>
        </test-method> <!-- TC_ID_106548 -->
        <test-method is-config="true" signature="tearDown()[pri:0, instance:com.tests.ButtonTest@4afcd809]" started-at="2025-08-09T14:37:48 IST" name="tearDown" finished-at="2025-08-09T14:37:48 IST" duration-ms="198" status="PASS">
          <reporter-output>
          </reporter-output>
        </test-method> <!-- tearDown -->
        <test-method is-config="true" signature="setUp()[pri:0, instance:com.tests.ButtonTest@4afcd809]" started-at="2025-08-09T14:37:48 IST" name="setUp" finished-at="2025-08-09T14:37:50 IST" duration-ms="1613" status="PASS">
          <reporter-output>
          </reporter-output>
        </test-method> <!-- setUp -->
        <test-method signature="TC_ID_106549()[pri:0, instance:com.tests.ButtonTest@4afcd809]" started-at="2025-08-09T14:37:50 IST" name="TC_ID_106549" description="106549" finished-at="2025-08-09T14:37:51 IST" duration-ms="1729" status="PASS">
          <reporter-output>
          </reporter-output>
        </test-method> <!-- TC_ID_106549 -->
        <test-method is-config="true" signature="tearDown()[pri:0, instance:com.tests.ButtonTest@4afcd809]" started-at="2025-08-09T14:37:51 IST" name="tearDown" finished-at="2025-08-09T14:37:52 IST" duration-ms="200" status="PASS">
          <reporter-output>
          </reporter-output>
        </test-method> <!-- tearDown -->
        <test-method is-config="true" signature="setUp()[pri:0, instance:com.tests.ButtonTest@4afcd809]" started-at="2025-08-09T14:37:52 IST" name="setUp" finished-at="2025-08-09T14:37:53 IST" duration-ms="1666" status="PASS">
          <reporter-output>
          </reporter-output>
        </test-method> <!-- setUp -->
        <test-method signature="TC_ID_106550()[pri:0, instance:com.tests.ButtonTest@4afcd809]" started-at="2025-08-09T14:37:53 IST" name="TC_ID_106550" description="106550" finished-at="2025-08-09T14:37:56 IST" duration-ms="2363" status="PASS">
          <reporter-output>
          </reporter-output>
        </test-method> <!-- TC_ID_106550 -->
        <test-method is-config="true" signature="tearDown()[pri:0, instance:com.tests.ButtonTest@4afcd809]" started-at="2025-08-09T14:37:56 IST" name="tearDown" finished-at="2025-08-09T14:37:56 IST" duration-ms="206" status="PASS">
          <reporter-output>
          </reporter-output>
        </test-method> <!-- tearDown -->
        <test-method is-config="true" signature="setUp()[pri:0, instance:com.tests.ButtonTest@4afcd809]" started-at="2025-08-09T14:37:56 IST" name="setUp" finished-at="2025-08-09T14:37:58 IST" duration-ms="1703" status="PASS">
          <reporter-output>
          </reporter-output>
        </test-method> <!-- setUp -->
        <test-method signature="TC_ID_106551()[pri:0, instance:com.tests.ButtonTest@4afcd809]" started-at="2025-08-09T14:37:58 IST" name="TC_ID_106551" description="106551" finished-at="2025-08-09T14:37:59 IST" duration-ms="1714" status="PASS">
          <reporter-output>
          </reporter-output>
        </test-method> <!-- TC_ID_106551 -->
        <test-method is-config="true" signature="tearDown()[pri:0, instance:com.tests.ButtonTest@4afcd809]" started-at="2025-08-09T14:37:59 IST" name="tearDown" finished-at="2025-08-09T14:37:59 IST" duration-ms="160" status="PASS">
          <reporter-output>
          </reporter-output>
        </test-method> <!-- tearDown -->
        <test-method is-config="true" signature="setUp()[pri:0, instance:com.tests.ButtonTest@4afcd809]" started-at="2025-08-09T14:37:59 IST" name="setUp" finished-at="2025-08-09T14:38:01 IST" duration-ms="1713" status="PASS">
          <reporter-output>
          </reporter-output>
        </test-method> <!-- setUp -->
        <test-method signature="TC_ID_106539()[pri:0, instance:com.tests.ButtonTest@4afcd809]" started-at="2025-08-09T14:38:01 IST" name="TC_ID_106539" description="106539" finished-at="2025-08-09T14:38:01 IST" depends-on-methods="com.tests.ButtonTest.TC_ID_106542, com.tests.ButtonTest.TC_ID_106543, com.tests.ButtonTest.TC_ID_106544, com.tests.ButtonTest.TC_ID_106545, com.tests.ButtonTest.TC_ID_106540, com.tests.ButtonTest.TC_ID_106541" duration-ms="2" status="PASS">
          <reporter-output>
          </reporter-output>
        </test-method> <!-- TC_ID_106539 -->
        <test-method is-config="true" signature="tearDown()[pri:0, instance:com.tests.ButtonTest@4afcd809]" started-at="2025-08-09T14:38:01 IST" name="tearDown" finished-at="2025-08-09T14:38:01 IST" duration-ms="152" status="PASS">
          <reporter-output>
          </reporter-output>
        </test-method> <!-- tearDown -->
      </class> <!-- com.tests.ButtonTest -->
      <class name="com.tests.HomePageTest">
        <test-method is-config="true" signature="setUp()[pri:0, instance:com.tests.HomePageTest@175c2241]" started-at="2025-08-09T14:38:01 IST" name="setUp" finished-at="2025-08-09T14:38:03 IST" duration-ms="1777" status="PASS">
          <reporter-output>
          </reporter-output>
        </test-method> <!-- setUp -->
        <test-method signature="HomePageTitleTest()[pri:0, instance:com.tests.HomePageTest@175c2241]" started-at="2025-08-09T14:38:03 IST" name="HomePageTitleTest" finished-at="2025-08-09T14:38:03 IST" duration-ms="66" status="PASS">
          <reporter-output>
          </reporter-output>
        </test-method> <!-- HomePageTitleTest -->
        <test-method is-config="true" signature="tearDown()[pri:0, instance:com.tests.HomePageTest@175c2241]" started-at="2025-08-09T14:38:03 IST" name="tearDown" finished-at="2025-08-09T14:38:03 IST" duration-ms="190" status="PASS">
          <reporter-output>
          </reporter-output>
        </test-method> <!-- tearDown -->
        <test-method is-config="true" signature="setUp()[pri:0, instance:com.tests.HomePageTest@175c2241]" started-at="2025-08-09T14:38:03 IST" name="setUp" finished-at="2025-08-09T14:38:05 IST" duration-ms="1974" status="PASS">
          <reporter-output>
          </reporter-output>
        </test-method> <!-- setUp -->
        <test-method signature="TC_ID_106552()[pri:0, instance:com.tests.HomePageTest@175c2241]" started-at="2025-08-09T14:38:05 IST" name="TC_ID_106552" description="106552" finished-at="2025-08-09T14:38:05 IST" duration-ms="59" status="PASS">
          <reporter-output>
          </reporter-output>
        </test-method> <!-- TC_ID_106552 -->
        <test-method is-config="true" signature="tearDown()[pri:0, instance:com.tests.HomePageTest@175c2241]" started-at="2025-08-09T14:38:05 IST" name="tearDown" finished-at="2025-08-09T14:38:06 IST" duration-ms="196" status="PASS">
          <reporter-output>
          </reporter-output>
        </test-method> <!-- tearDown -->
      </class> <!-- com.tests.HomePageTest -->
    </test> <!-- Test -->
  </suite> <!-- Suite -->
</testng-results>
